{"C:\\Users\\yogitaadevi.ravishan\\Downloads\\Fresher training\\Front-end training\\react-project\\infinity-scroll\\src\\components\\Button.tsx": {"path":"C:\\Users\\yogitaadevi.ravishan\\Downloads\\Fresher training\\Front-end training\\react-project\\infinity-scroll\\src\\components\\Button.tsx","statementMap":{"0":{"start":{"line":1,"column":0},"end":{"line":1,"column":35}},"1":{"start":{"line":11,"column":15},"end":{"line":15,"column":1}},"2":{"start":{"line":12,"column":2},"end":{"line":14,"column":null}},"3":{"start":{"line":17,"column":0},"end":{"line":17,"column":null}}},"fnMap":{"0":{"name":"(anonymous_0)","decl":{"start":{"line":11,"column":15},"end":{"line":11,"column":16}},"loc":{"start":{"line":11,"column":100},"end":{"line":15,"column":1}}}},"branchMap":{"0":{"loc":{"start":{"line":11,"column":18},"end":{"line":11,"column":32}},"type":"default-arg","locations":[{"start":{"line":11,"column":30},"end":{"line":11,"column":32}}]},"1":{"loc":{"start":{"line":11,"column":49},"end":{"line":11,"column":68}},"type":"default-arg","locations":[{"start":{"line":11,"column":59},"end":{"line":11,"column":68}}]},"2":{"loc":{"start":{"line":11,"column":70},"end":{"line":11,"column":81}},"type":"default-arg","locations":[{"start":{"line":11,"column":77},"end":{"line":11,"column":81}}]}},"s":{"0":1,"1":1,"2":31,"3":1},"f":{"0":31},"b":{"0":[0],"1":[31],"2":[31]}}
,"C:\\Users\\yogitaadevi.ravishan\\Downloads\\Fresher training\\Front-end training\\react-project\\infinity-scroll\\src\\context\\AuthContext.tsx": {"path":"C:\\Users\\yogitaadevi.ravishan\\Downloads\\Fresher training\\Front-end training\\react-project\\infinity-scroll\\src\\context\\AuthContext.tsx","statementMap":{"0":{"start":{"line":1,"column":0},"end":{"line":1,"column":61}},"1":{"start":{"line":3,"column":0},"end":{"line":3,"column":48}},"2":{"start":{"line":9,"column":39},"end":{"line":11,"column":null}},"3":{"start":{"line":17,"column":20},"end":{"line":26,"column":1}},"4":{"start":{"line":18,"column":2},"end":{"line":25,"column":3}},"5":{"start":{"line":20,"column":6},"end":{"line":20,"column":37}},"6":{"start":{"line":23,"column":6},"end":{"line":23,"column":38}},"7":{"start":{"line":28,"column":25},"end":{"line":31,"column":2}},"8":{"start":{"line":33,"column":13},"end":{"line":33,"column":67}},"9":{"start":{"line":35,"column":20},"end":{"line":43,"column":1}},"10":{"start":{"line":36,"column":39},"end":{"line":36,"column":76}},"11":{"start":{"line":38,"column":2},"end":{"line":42,"column":4}},"12":{"start":{"line":45,"column":0},"end":{"line":45,"column":27}}},"fnMap":{"0":{"name":"(anonymous_0)","decl":{"start":{"line":17,"column":20},"end":{"line":17,"column":21}},"loc":{"start":{"line":17,"column":87},"end":{"line":26,"column":1}}},"1":{"name":"(anonymous_1)","decl":{"start":{"line":30,"column":12},"end":{"line":30,"column":13}},"loc":{"start":{"line":30,"column":35},"end":{"line":30,"column":38}}},"2":{"name":"(anonymous_2)","decl":{"start":{"line":35,"column":20},"end":{"line":35,"column":21}},"loc":{"start":{"line":35,"column":55},"end":{"line":43,"column":1}}}},"branchMap":{"0":{"loc":{"start":{"line":18,"column":2},"end":{"line":25,"column":3}},"type":"switch","locations":[{"start":{"line":19,"column":4},"end":{"line":21,"column":5}},{"start":{"line":22,"column":4},"end":{"line":24,"column":5}}]}},"s":{"0":1,"1":1,"2":1,"3":1,"4":0,"5":0,"6":0,"7":1,"8":1,"9":1,"10":0,"11":0,"12":1},"f":{"0":0,"1":0,"2":0},"b":{"0":[0,0]}}
,"C:\\Users\\yogitaadevi.ravishan\\Downloads\\Fresher training\\Front-end training\\react-project\\infinity-scroll\\src\\enum\\userAction.ts": {"path":"C:\\Users\\yogitaadevi.ravishan\\Downloads\\Fresher training\\Front-end training\\react-project\\infinity-scroll\\src\\enum\\userAction.ts","statementMap":{"0":{"start":{"line":1,"column":0},"end":{"line":1,"column":null}},"1":{"start":{"line":2,"column":4},"end":{"line":2,"column":null}},"2":{"start":{"line":3,"column":4},"end":{"line":3,"column":null}}},"fnMap":{"0":{"name":"(anonymous_0)","decl":{"start":{"line":1,"column":0},"end":{"line":1,"column":12}},"loc":{"start":{"line":1,"column":22},"end":{"line":4,"column":1}}}},"branchMap":{"0":{"loc":{"start":{"line":1,"column":12},"end":{"line":1,"column":null}},"type":"binary-expr","locations":[{"start":{"line":1,"column":12},"end":{"line":1,"column":22}},{"start":{"line":1,"column":22},"end":{"line":1,"column":null}}]}},"s":{"0":1,"1":1,"2":1},"f":{"0":1},"b":{"0":[1,1]}}
,"C:\\Users\\yogitaadevi.ravishan\\Downloads\\Fresher training\\Front-end training\\react-project\\infinity-scroll\\src\\pages\\LoginPage.tsx": {"path":"C:\\Users\\yogitaadevi.ravishan\\Downloads\\Fresher training\\Front-end training\\react-project\\infinity-scroll\\src\\pages\\LoginPage.tsx","statementMap":{"0":{"start":{"line":1,"column":0},"end":{"line":1,"column":74}},"1":{"start":{"line":2,"column":0},"end":{"line":2,"column":45}},"2":{"start":{"line":3,"column":0},"end":{"line":3,"column":27}},"3":{"start":{"line":4,"column":0},"end":{"line":4,"column":42}},"4":{"start":{"line":5,"column":0},"end":{"line":5,"column":52}},"5":{"start":{"line":6,"column":0},"end":{"line":6,"column":53}},"6":{"start":{"line":7,"column":0},"end":{"line":7,"column":61}},"7":{"start":{"line":8,"column":0},"end":{"line":8,"column":48}},"8":{"start":{"line":9,"column":0},"end":{"line":9,"column":47}},"9":{"start":{"line":16,"column":18},"end":{"line":132,"column":1}},"10":{"start":{"line":17,"column":42},"end":{"line":17,"column":66}},"11":{"start":{"line":18,"column":23},"end":{"line":18,"column":54}},"12":{"start":{"line":19,"column":19},"end":{"line":19,"column":32}},"13":{"start":{"line":21,"column":41},"end":{"line":21,"column":71}},"14":{"start":{"line":23,"column":22},"end":{"line":44,"column":4}},"15":{"start":{"line":30,"column":8},"end":{"line":30,"column":40}},"16":{"start":{"line":46,"column":23},"end":{"line":68,"column":3}},"17":{"start":{"line":50,"column":4},"end":{"line":67,"column":9}},"18":{"start":{"line":56,"column":28},"end":{"line":56,"column":60}},"19":{"start":{"line":57,"column":8},"end":{"line":57,"column":57}},"20":{"start":{"line":59,"column":8},"end":{"line":59,"column":57}},"21":{"start":{"line":60,"column":8},"end":{"line":60,"column":47}},"22":{"start":{"line":63,"column":8},"end":{"line":63,"column":21}},"23":{"start":{"line":66,"column":8},"end":{"line":66,"column":29}},"24":{"start":{"line":70,"column":2},"end":{"line":131,"column":4}},"25":{"start":{"line":78,"column":10},"end":{"line":126,"column":null}},"26":{"start":{"line":115,"column":35},"end":{"line":115,"column":67}},"27":{"start":{"line":115,"column":61},"end":{"line":115,"column":66}},"28":{"start":{"line":133,"column":0},"end":{"line":133,"column":25}}},"fnMap":{"0":{"name":"(anonymous_7)","decl":{"start":{"line":16,"column":18},"end":{"line":16,"column":21}},"loc":{"start":{"line":16,"column":23},"end":{"line":132,"column":1}}},"1":{"name":"(anonymous_8)","decl":{"start":{"line":29,"column":68},"end":{"line":29,"column":69}},"loc":{"start":{"line":30,"column":8},"end":{"line":30,"column":40}}},"2":{"name":"(anonymous_9)","decl":{"start":{"line":46,"column":23},"end":{"line":46,"column":null}},"loc":{"start":{"line":49,"column":6},"end":{"line":68,"column":3}}},"3":{"name":"(anonymous_10)","decl":{"start":{"line":55,"column":12},"end":{"line":55,"column":13}},"loc":{"start":{"line":55,"column":25},"end":{"line":61,"column":7}}},"4":{"name":"(anonymous_11)","decl":{"start":{"line":62,"column":13},"end":{"line":62,"column":14}},"loc":{"start":{"line":62,"column":23},"end":{"line":64,"column":7}}},"5":{"name":"(anonymous_12)","decl":{"start":{"line":65,"column":15},"end":{"line":65,"column":18}},"loc":{"start":{"line":65,"column":20},"end":{"line":67,"column":7}}},"6":{"name":"(anonymous_13)","decl":{"start":{"line":77,"column":9},"end":{"line":77,"column":10}},"loc":{"start":{"line":78,"column":10},"end":{"line":126,"column":null}}},"7":{"name":"(anonymous_14)","decl":{"start":{"line":115,"column":29},"end":{"line":115,"column":32}},"loc":{"start":{"line":115,"column":35},"end":{"line":115,"column":67}}},"8":{"name":"(anonymous_15)","decl":{"start":{"line":115,"column":51},"end":{"line":115,"column":52}},"loc":{"start":{"line":115,"column":61},"end":{"line":115,"column":66}}}},"branchMap":{"0":{"loc":{"start":{"line":30,"column":8},"end":{"line":30,"column":40}},"type":"cond-expr","locations":[{"start":{"line":30,"column":13},"end":{"line":30,"column":15}},{"start":{"line":30,"column":8},"end":{"line":30,"column":40}}]},"1":{"loc":{"start":{"line":30,"column":8},"end":{"line":30,"column":15}},"type":"binary-expr","locations":[{"start":{"line":30,"column":8},"end":{"line":30,"column":15}},{"start":{"line":30,"column":8},"end":{"line":30,"column":15}}]},"2":{"loc":{"start":{"line":100,"column":24},"end":{"line":100,"column":58}},"type":"cond-expr","locations":[{"start":{"line":100,"column":39},"end":{"line":100,"column":45}},{"start":{"line":100,"column":48},"end":{"line":100,"column":58}}]},"3":{"loc":{"start":{"line":122,"column":22},"end":{"line":122,"column":61}},"type":"cond-expr","locations":[{"start":{"line":122,"column":37},"end":{"line":122,"column":49}},{"start":{"line":122,"column":52},"end":{"line":122,"column":61}}]}},"s":{"0":1,"1":1,"2":1,"3":1,"4":1,"5":1,"6":1,"7":1,"8":1,"9":1,"10":11,"11":10,"12":10,"13":10,"14":10,"15":5,"16":10,"17":1,"18":1,"19":1,"20":1,"21":1,"22":0,"23":1,"24":10,"25":31,"26":1,"27":1,"28":1},"f":{"0":11,"1":5,"2":1,"3":1,"4":0,"5":1,"6":31,"7":1,"8":1},"b":{"0":[0,5],"1":[5,5],"2":[1,30],"3":[7,24]}}
,"C:\\Users\\yogitaadevi.ravishan\\Downloads\\Fresher training\\Front-end training\\react-project\\infinity-scroll\\src\\services\\apiService.ts": {"path":"C:\\Users\\yogitaadevi.ravishan\\Downloads\\Fresher training\\Front-end training\\react-project\\infinity-scroll\\src\\services\\apiService.ts","statementMap":{"0":{"start":{"line":1,"column":0},"end":{"line":1,"column":26}},"1":{"start":{"line":2,"column":0},"end":{"line":2,"column":42}},"2":{"start":{"line":4,"column":15},"end":{"line":6,"column":2}},"3":{"start":{"line":8,"column":13},"end":{"line":11,"column":3}},"4":{"start":{"line":13,"column":0},"end":{"line":26,"column":2}},"5":{"start":{"line":15,"column":24},"end":{"line":15,"column":59}},"6":{"start":{"line":16,"column":4},"end":{"line":20,"column":5}},"7":{"start":{"line":17,"column":6},"end":{"line":17,"column":31}},"8":{"start":{"line":19,"column":6},"end":{"line":19,"column":64}},"9":{"start":{"line":21,"column":4},"end":{"line":21,"column":18}},"10":{"start":{"line":24,"column":4},"end":{"line":24,"column":33}},"11":{"start":{"line":28,"column":0},"end":{"line":35,"column":2}},"12":{"start":{"line":29,"column":16},"end":{"line":29,"column":24}},"13":{"start":{"line":31,"column":4},"end":{"line":32,"column":null}},"14":{"start":{"line":32,"column":6},"end":{"line":32,"column":null}},"15":{"start":{"line":33,"column":6},"end":{"line":33,"column":78}}},"fnMap":{"0":{"name":"(anonymous_1)","decl":{"start":{"line":14,"column":2},"end":{"line":14,"column":3}},"loc":{"start":{"line":14,"column":13},"end":{"line":22,"column":3}}},"1":{"name":"(anonymous_2)","decl":{"start":{"line":23,"column":2},"end":{"line":23,"column":3}},"loc":{"start":{"line":23,"column":12},"end":{"line":25,"column":3}}},"2":{"name":"(anonymous_3)","decl":{"start":{"line":29,"column":2},"end":{"line":29,"column":3}},"loc":{"start":{"line":29,"column":16},"end":{"line":29,"column":24}}},"3":{"name":"(anonymous_4)","decl":{"start":{"line":30,"column":2},"end":{"line":30,"column":3}},"loc":{"start":{"line":30,"column":12},"end":{"line":34,"column":3}}}},"branchMap":{"0":{"loc":{"start":{"line":16,"column":4},"end":{"line":20,"column":5}},"type":"if","locations":[{"start":{"line":16,"column":4},"end":{"line":20,"column":5}}]},"1":{"loc":{"start":{"line":16,"column":8},"end":{"line":16,"column":52}},"type":"binary-expr","locations":[{"start":{"line":16,"column":8},"end":{"line":16,"column":19}},{"start":{"line":16,"column":23},"end":{"line":16,"column":52}}]},"2":{"loc":{"start":{"line":16,"column":24},"end":{"line":16,"column":50}},"type":"cond-expr","locations":[{"start":{"line":16,"column":34},"end":{"line":16,"column":36}},{"start":{"line":16,"column":34},"end":{"line":16,"column":50}}]},"3":{"loc":{"start":{"line":16,"column":24},"end":{"line":16,"column":36}},"type":"binary-expr","locations":[{"start":{"line":16,"column":24},"end":{"line":16,"column":36}},{"start":{"line":16,"column":34},"end":{"line":16,"column":36}}]},"4":{"loc":{"start":{"line":31,"column":4},"end":{"line":32,"column":null}},"type":"if","locations":[{"start":{"line":31,"column":4},"end":{"line":32,"column":null}}]},"5":{"loc":{"start":{"line":31,"column":8},"end":{"line":31,"column":55}},"type":"binary-expr","locations":[{"start":{"line":31,"column":8},"end":{"line":31,"column":22}},{"start":{"line":31,"column":26},"end":{"line":31,"column":55}}]}},"s":{"0":1,"1":1,"2":1,"3":1,"4":1,"5":0,"6":0,"7":0,"8":0,"9":0,"10":0,"11":1,"12":0,"13":0,"14":0,"15":0},"f":{"0":0,"1":0,"2":0,"3":0},"b":{"0":[0],"1":[0,0],"2":[0,0],"3":[0,0],"4":[0],"5":[0,0]}}
,"C:\\Users\\yogitaadevi.ravishan\\Downloads\\Fresher training\\Front-end training\\react-project\\infinity-scroll\\src\\utils\\constants.ts": {"path":"C:\\Users\\yogitaadevi.ravishan\\Downloads\\Fresher training\\Front-end training\\react-project\\infinity-scroll\\src\\utils\\constants.ts","statementMap":{"0":{"start":{"line":1,"column":13},"end":{"line":1,"column":null}},"1":{"start":{"line":2,"column":13},"end":{"line":2,"column":null}},"2":{"start":{"line":3,"column":13},"end":{"line":3,"column":null}},"3":{"start":{"line":4,"column":13},"end":{"line":4,"column":null}},"4":{"start":{"line":5,"column":13},"end":{"line":5,"column":null}},"5":{"start":{"line":6,"column":13},"end":{"line":6,"column":null}},"6":{"start":{"line":7,"column":13},"end":{"line":7,"column":null}}},"fnMap":{},"branchMap":{},"s":{"0":2,"1":2,"2":2,"3":2,"4":2,"5":2,"6":2},"f":{},"b":{}}
}
