TN:
SF:src\components\Button.tsx
FN:11,(anonymous_0)
FNF:1
FNH:1
FNDA:31,(anonymous_0)
DA:1,1
DA:11,1
DA:12,31
DA:17,1
LF:4
LH:4
BRDA:11,0,0,0
BRDA:11,1,0,31
BRDA:11,2,0,31
BRF:3
BRH:2
end_of_record
TN:
SF:src\context\AuthContext.tsx
FN:17,(anonymous_0)
FN:30,(anonymous_1)
FN:35,(anonymous_2)
FNF:3
FNH:0
FNDA:0,(anonymous_0)
FNDA:0,(anonymous_1)
FNDA:0,(anonymous_2)
DA:1,1
DA:3,1
DA:9,1
DA:17,1
DA:18,0
DA:20,0
DA:23,0
DA:28,1
DA:33,1
DA:35,1
DA:36,0
DA:38,0
DA:45,1
LF:13
LH:8
BRDA:18,0,0,0
BRDA:18,0,1,0
BRF:2
BRH:0
end_of_record
TN:
SF:src\enum\userAction.ts
FN:1,(anonymous_0)
FNF:1
FNH:1
FNDA:1,(anonymous_0)
DA:1,1
DA:2,1
DA:3,1
LF:3
LH:3
BRDA:1,0,0,1
BRDA:1,0,1,1
BRF:2
BRH:2
end_of_record
TN:
SF:src\pages\LoginPage.tsx
FN:16,(anonymous_7)
FN:29,(anonymous_8)
FN:46,(anonymous_9)
FN:55,(anonymous_10)
FN:62,(anonymous_11)
FN:65,(anonymous_12)
FN:77,(anonymous_13)
FN:115,(anonymous_14)
FN:115,(anonymous_15)
FNF:9
FNH:8
FNDA:11,(anonymous_7)
FNDA:5,(anonymous_8)
FNDA:1,(anonymous_9)
FNDA:1,(anonymous_10)
FNDA:0,(anonymous_11)
FNDA:1,(anonymous_12)
FNDA:31,(anonymous_13)
FNDA:1,(anonymous_14)
FNDA:1,(anonymous_15)
DA:1,1
DA:2,1
DA:3,1
DA:4,1
DA:5,1
DA:6,1
DA:7,1
DA:8,1
DA:9,1
DA:16,1
DA:17,11
DA:18,10
DA:19,10
DA:21,10
DA:23,10
DA:30,5
DA:46,10
DA:50,1
DA:56,1
DA:57,1
DA:59,1
DA:60,1
DA:63,0
DA:66,1
DA:70,10
DA:78,31
DA:115,1
DA:133,1
LF:28
LH:27
BRDA:30,0,0,0
BRDA:30,0,1,5
BRDA:30,1,0,5
BRDA:30,1,1,5
BRDA:100,2,0,1
BRDA:100,2,1,30
BRDA:122,3,0,7
BRDA:122,3,1,24
BRF:8
BRH:7
end_of_record
TN:
SF:src\services\apiService.ts
FN:14,(anonymous_1)
FN:23,(anonymous_2)
FN:29,(anonymous_3)
FN:30,(anonymous_4)
FNF:4
FNH:0
FNDA:0,(anonymous_1)
FNDA:0,(anonymous_2)
FNDA:0,(anonymous_3)
FNDA:0,(anonymous_4)
DA:1,1
DA:2,1
DA:4,1
DA:8,1
DA:13,1
DA:15,0
DA:16,0
DA:17,0
DA:19,0
DA:21,0
DA:24,0
DA:28,1
DA:29,0
DA:31,0
DA:32,0
DA:33,0
LF:16
LH:6
BRDA:16,0,0,0
BRDA:16,1,0,0
BRDA:16,1,1,0
BRDA:16,2,0,0
BRDA:16,2,1,0
BRDA:16,3,0,0
BRDA:16,3,1,0
BRDA:31,4,0,0
BRDA:31,5,0,0
BRDA:31,5,1,0
BRF:10
BRH:0
end_of_record
TN:
SF:src\utils\constants.ts
FNF:0
FNH:0
DA:1,2
DA:2,2
DA:3,2
DA:4,2
DA:5,2
DA:6,2
DA:7,2
LF:7
LH:7
BRF:0
BRH:0
end_of_record
